<?xml version="1.0" encoding="UTF-8"?>
<!-- Generated by org.testng.reporters.JUnitXMLReporter -->
<testsuite hostname="DESKTOP-PC46FNP" ignored="0" name="Test" tests="10" failures="1" timestamp="21 Jul 2021 13:59:54 GMT" time="0.383" errors="0">
  <testcase name="tc0" time="0.054" classname="org.testng.Rerun"/>
  <testcase name="tc1" time="0.0" classname="org.testng.Rerun"/>
  <testcase name="tc2" time="0.015" classname="org.testng.Rerun">
    <skipped/>
  </testcase> <!-- tc2 -->
  <testcase name="tc2" time="0.016" classname="org.testng.Rerun">
    <skipped/>
  </testcase> <!-- tc2 -->
  <testcase name="tc2" time="0.0" classname="org.testng.Rerun">
    <skipped/>
  </testcase> <!-- tc2 -->
  <testcase name="tc2" time="0.0" classname="org.testng.Rerun">
    <skipped/>
  </testcase> <!-- tc2 -->
  <testcase name="tc2" time="0.0" classname="org.testng.Rerun">
    <skipped/>
  </testcase> <!-- tc2 -->
  <testcase name="tc2" time="0.016" classname="org.testng.Rerun">
    <failure type="java.lang.AssertionError" message="expected [true] but found [false]">
      <![CDATA[java.lang.AssertionError: expected [true] but found [false]
... Removed 30 stack frames]]>
    </failure>
  </testcase> <!-- tc2 -->
  <testcase name="tc3" time="0.0" classname="org.testng.Rerun"/>
  <testcase name="tc4" time="0.032" classname="org.testng.Rerun"/>
</testsuite> <!-- Test -->
