<?xml version="1.0" encoding="UTF-8"?>
<!-- Generated by org.testng.reporters.JUnitXMLReporter -->
<testsuite hostname="DESKTOP-PC46FNP" ignored="4" name="Test(failed)" tests="6" failures="1" timestamp="23 Jul 2021 17:51:22 GMT" time="0.302" errors="0">
  <testcase name="tc2" time="0.056" classname="org.testng.Rerun">
    <skipped/>
  </testcase> <!-- tc2 -->
  <testcase name="tc2" time="0.009" classname="org.testng.Rerun">
    <skipped/>
  </testcase> <!-- tc2 -->
  <testcase name="tc2" time="0.008" classname="org.testng.Rerun">
    <skipped/>
  </testcase> <!-- tc2 -->
  <testcase name="tc2" time="0.003" classname="org.testng.Rerun">
    <skipped/>
  </testcase> <!-- tc2 -->
  <testcase name="tc2" time="0.003" classname="org.testng.Rerun">
    <skipped/>
  </testcase> <!-- tc2 -->
  <testcase name="tc2" time="0.003" classname="org.testng.Rerun">
    <failure type="java.lang.AssertionError" message="expected [true] but found [false]">
      <![CDATA[java.lang.AssertionError: expected [true] but found [false]
... Removed 30 stack frames]]>
    </failure>
  </testcase> <!-- tc2 -->
  <testcase name="tc4" time="0.0" classname="org.testng.Rerun">
    <ignored/>
  </testcase> <!-- tc4 -->
  <testcase name="tc0" time="0.0" classname="org.testng.Rerun">
    <ignored/>
  </testcase> <!-- tc0 -->
  <testcase name="tc1" time="0.0" classname="org.testng.Rerun">
    <ignored/>
  </testcase> <!-- tc1 -->
  <testcase name="tc3" time="0.0" classname="org.testng.Rerun">
    <ignored/>
  </testcase> <!-- tc3 -->
</testsuite> <!-- Test(failed) -->
